1594175079806	mozrunner::runner	INFO	Running command: "C:\\Program Files\\Mozilla Firefox\\firefox.exe" "-marionette" "-foreground" "-no-remote" "-profile" "C:\\Users\\20363\\AppData\\Local\\Temp\\rust_mozprofile9QrI0D"
JavaScript error: resource://gre/modules/XULStore.jsm, line 66: Error: Can't find profile directory.
console.error: Region.jsm: "Failed to fetch region" (new TypeError("NetworkError when attempting to fetch resource.", ""))
1594175082466	Marionette	INFO	Listening on port 62776
1594175082927	Marionette	WARN	TLS certificate errors will be ignored for this session
1594175148699	Marionette	INFO	Stopped listening on port 62776

###!!! [Child][RunMessage] Error: Channel closing: too late to send/recv, messages will be lost


###!!! [Child][MessageChannel::SendAndWait] Error: Channel error: cannot send/recv

/modules/XULStore.jsm, line 66: Error: Can't find profile directory.
1594175088481	Marionette	INFO	Listening on port 62814
1594175088648	Marionette	WARN	TLS certificate errors will be ignored for this session
1594175150345	Marionette	INFO	Stopped listening on port 62814

###!!! [Child][RunMessage] Error: Channel closing: too late to send/recv, messages will be lost


###!!! [Child][MessageChannel::SendAndWait] Error: Channel error: cannot send/recv

1594175215646	mozrunner::runner	INFO	Running command: "C:\\Program Files\\Mozilla Firefox\\firefox.exe" "-marionette" "-foreground" "-no-remote" "-profile" "C:\\Users\\20363\\AppData\\Local\\Temp\\rust_mozprofile4kgwAu"
JavaScript error: resource://gre/modules/XULStore.jsm, line 66: Error: Can't find profile directory.
console.error: Region.jsm: "Failed to fetch region" (new TypeError("NetworkError when attempting to fetch resource.", ""))
1594175217631	Marionette	INFO	Listening on port 63347
1594175217675	Marionette	WARN	TLS certificate errors will be ignored for this session
1594179483408	Marionette	INFO	Stopped listening on port 63347

###!!! [Child][RunMessage] Error: Channel closing: too late to send/recv, messages will be lost


###!!! [Child][MessageChannel::SendAndWait] Error: Channel error: cannot send/recv

/modules/XULStore.jsm, line 66: Error: Can't find profile directory.
console.error: Region.jsm: "Failed to fetch region" (new TypeError("NetworkError when attempting to fetch resource.", ""))
1594175222762	Marionette	INFO	Listening on port 63419
1594175222798	Marionette	WARN	TLS certificate errors will be ignored for this session
1594193667265	Marionette	INFO	Stopped listening on port 63419

###!!! [Child][RunMessage] Error: Channel closing: too late to send/recv, messages will be lost


###!!! [Child][MessageChannel::SendAndWait] Error: Channel error: cannot send/recv

/modules/XULStore.jsm, line 66: Error: Can't find profile directory.
console.error: Region.jsm: "Failed to fetch region" (new TypeError("NetworkError when attempting to fetch resource.", ""))
1594179510821	Marionette	INFO	Listening on port 18528
1594179510871	Marionette	WARN	TLS certificate errors will be ignored for this session
1594179558061	Marionette	INFO	Stopped listening on port 18528

###!!! [Child][RunMessage] Error: Channel closing: too late to send/recv, messages will be lost


###!!! [Child][MessageChannel::SendAndWait] Error: Channel error: cannot send/recv

/modules/XULStore.jsm, line 66: Error: Can't find profile directory.
console.error: Region.jsm: "Failed to fetch region" (new TypeError("NetworkError when attempting to fetch resource.", ""))
1594179515816	Marionette	INFO	Listening on port 18565
1594179515965	Marionette	WARN	TLS certificate errors will be ignored for this session
1594179568763	Marionette	INFO	Stopped listening on port 18565

###!!! [Child][RunMessage] Error: Channel closing: too late to send/recv, messages will be lost


###!!! [Child][MessageChannel::SendAndWait] Error: Channel error: cannot send/recv

1594231246678	mozrunner::runner	INFO	Running command: "C:\\Program Files\\Mozilla Firefox\\firefox.exe" "-marionette" "-foreground" "-no-remote" "-profile" "C:\\Users\\20363\\AppData\\Local\\Temp\\rust_mozprofileHXqbvN"
JavaScript error: resource://gre/modules/XULStore.jsm, line 66: Error: Can't find profile directory.
1594231248801	Marionette	INFO	Listening on port 52279
1594231249306	Marionette	WARN	TLS certificate errors will be ignored for this session
JavaScript warning: https://s1.hdslb.com/bfs/static/player/main/widgets/jsc-player.399c30c8.js, line 0: Successfully compiled asm.js code (total compilation time 10ms)
0363\\AppData\\Local\\Temp\\rust_mozprofile7ip49z"
JavaScript error: resource://gre/modules/XULStore.jsm, line 66: Error: Can't find profile directory.
1594231254639	Marionette	INFO	Listening on port 52325
1594231255033	Marionette	WARN	TLS certificate errors will be ignored for this session
1594231939521	Marionette	INFO	Stopped listening on port 52325

###!!! [Child][RunMessage] Error: Channel closing: too late to send/recv, messages will be lost


###!!! [Child][MessageChannel::SendAndWait] Error: Channel error: cannot send/recv

